<?xml version="1.0" encoding="UTF-8"?>
<!-- Generated by org.testng.reporters.JUnitReportReporter -->
<testsuite hostname="Fatais-MacBook-Pro.local" failures="0" tests="1" name="iOSTest.settingsApp" time="3.098" errors="0" timestamp="2024-07-20T21:33:13 WAT" skipped="0">
  <testcase classname="iOSTest.settingsApp" name="sampleTest" time="3.098"/>
</testsuite> <!-- iOSTest.settingsApp -->
