<?xml version="1.0" encoding="UTF-8"?>
<!-- Generated by org.testng.reporters.JUnitReportReporter -->
<testsuite hostname="Fatais-MacBook-Pro.local" failures="0" tests="1" name="iOSTest.iOS_Slider_pickerView" time="6.915" errors="0" timestamp="2024-07-19T12:36:24 WAT" skipped="0">
  <testcase classname="iOSTest.iOS_Slider_pickerView" name="iOSSlider" time="6.915"/>
</testsuite> <!-- iOSTest.iOS_Slider_pickerView -->
