<?xml version="1.0" encoding="UTF-8"?>
<!-- Generated by org.testng.reporters.JUnitReportReporter -->
<testsuite hostname="Fatais-MacBook-Pro.local" failures="0" tests="1" name="iOSTest.NativeApps" time="17.185" errors="0" timestamp="2024-07-20T21:41:49 WAT" skipped="0">
  <testcase classname="iOSTest.NativeApps" name="sampleTest" time="17.185"/>
</testsuite> <!-- iOSTest.NativeApps -->
