<?xml version="1.0" encoding="UTF-8"?>
<!-- Generated by org.testng.reporters.JUnitReportReporter -->
<testsuite hostname="Fatais-MacBook-Pro.local" failures="0" tests="1" name="iOSTest.NativeApps" time="8.209" errors="0" timestamp="2024-07-20T21:50:32 WAT" skipped="0">
  <testcase classname="iOSTest.NativeApps" name="sampleTest" time="8.209"/>
</testsuite> <!-- iOSTest.NativeApps -->
